SF:lib\blocs\data\data_state.dart
DA:17,3
DA:23,5
DA:25,6
DA:28,0
DA:38,3
DA:39,1
DA:43,2
DA:45,6
DA:47,3
DA:49,0
DA:51,1
DA:52,4
DA:58,2
DA:59,8
DA:61,2
DA:73,2
DA:74,1
DA:76,1
DA:77,0
DA:82,2
DA:83,1
DA:85,1
DA:86,0
DA:92,4
DA:94,2
DA:98,2
DA:100,4
DA:101,4
DA:105,1
DA:107,2
DA:109,2
DA:110,1
DA:114,1
DA:117,1
DA:118,1
DA:119,1
DA:121,1
LF:37
LH:33
end_of_record
SF:lib\data\models\shapeProduct\game_shapes.dart
DA:14,5
DA:18,3
DA:19,6
DA:21,1
DA:22,5
DA:24,12
DA:26,2
DA:27,14
DA:29,3
DA:34,6
DA:35,3
DA:36,3
DA:41,3
DA:42,3
LF:14
LH:14
end_of_record
SF:lib\data\models\shapeProduct\rect_with_triangle.dart
DA:18,4
DA:19,4
DA:21,9
DA:28,2
DA:30,4
DA:31,24
DA:33,0
DA:36,0
DA:39,4
DA:41,20
DA:43,1
DA:45,7
DA:47,2
DA:54,2
DA:55,2
DA:56,2
DA:58,6
DA:60,6
DA:61,2
DA:63,2
DA:64,2
DA:67,0
DA:68,0
DA:82,2
DA:83,6
DA:85,1
DA:87,3
DA:88,3
DA:89,1
LF:29
LH:25
end_of_record
SF:lib\data\models\shapeProduct\rect_without_triangle.dart
DA:26,9
DA:32,2
DA:34,4
DA:35,24
DA:37,0
DA:40,5
DA:42,30
DA:44,1
DA:46,6
DA:48,0
DA:51,5
DA:52,5
DA:54,2
DA:61,2
DA:62,2
DA:63,2
DA:65,6
DA:67,3
DA:68,1
DA:70,2
DA:71,2
DA:77,0
DA:78,0
DA:91,2
DA:92,6
DA:94,1
DA:96,2
DA:97,4
DA:98,1
LF:29
LH:25
end_of_record
SF:lib\data\models\shapeProduct\shape_product.dart
DA:13,51
DA:17,3
DA:41,8
DA:42,8
DA:46,4
DA:47,4
DA:48,4
DA:49,32
DA:54,2
DA:55,6
DA:56,2
DA:58,5
DA:59,35
DA:69,8
DA:71,24
DA:72,8
DA:73,3
DA:75,14
DA:78,16
DA:79,16
DA:81,24
DA:82,8
DA:83,40
DA:84,16
DA:86,8
DA:98,2
DA:99,3
DA:101,14
DA:103,8
LF:29
LH:29
end_of_record
SF:lib\data\models\shapeProduct\trapezoid.dart
DA:20,10
DA:26,4
DA:28,4
DA:29,24
DA:31,0
DA:34,0
DA:38,5
DA:39,5
DA:40,5
DA:41,25
DA:44,1
DA:46,5
DA:50,4
DA:57,4
DA:58,4
DA:59,4
DA:61,9
DA:63,6
DA:64,4
DA:66,3
DA:67,4
DA:69,1
DA:70,2
DA:72,6
DA:73,10
DA:74,42
DA:75,10
DA:76,42
DA:77,10
DA:78,42
DA:79,10
DA:80,42
DA:85,2
DA:86,6
DA:88,1
DA:90,3
DA:91,3
DA:92,1
LF:38
LH:36
end_of_record
SF:lib\data\models\shapeProduct\triangle.dart
DA:19,4
DA:20,4
DA:22,9
DA:28,3
DA:33,1
DA:40,1
DA:41,1
DA:42,1
DA:44,3
DA:46,3
DA:47,1
DA:49,1
DA:50,1
DA:53,4
DA:54,24
DA:57,4
DA:58,16
DA:60,1
DA:62,2
DA:64,0
DA:67,1
DA:69,3
DA:70,3
DA:71,1
DA:74,0
DA:75,0
DA:80,0
DA:91,0
DA:94,2
DA:95,6
LF:30
LH:25
end_of_record
SF:lib\data\models\shape_order.dart
DA:10,5
DA:14,10
DA:15,0
DA:17,2
DA:23,0
DA:26,0
DA:27,0
DA:28,0
DA:31,0
DA:32,0
DA:33,0
DA:34,0
DA:37,0
DA:40,4
DA:41,4
DA:42,2
DA:43,2
DA:45,0
DA:49,0
DA:52,2
DA:53,4
DA:55,1
DA:57,2
LF:23
LH:11
end_of_record
SF:lib\util\shape_enum.dart
DA:2,12
LF:1
LH:1
end_of_record
SF:lib\blocs\data\data_bloc.dart
DA:16,1
DA:20,2
DA:23,1
DA:24,1
DA:26,3
DA:28,2
DA:29,2
DA:30,2
DA:33,1
DA:34,4
DA:36,1
DA:37,4
DA:39,1
DA:40,4
DA:42,1
DA:43,3
DA:45,1
DA:46,3
LF:18
LH:18
end_of_record
SF:lib\blocs\data\data_event.dart
DA:8,12
DA:14,1
DA:16,0
DA:18,0
DA:25,1
DA:27,0
DA:29,0
DA:36,1
DA:38,0
DA:40,0
DA:45,1
DA:47,0
DA:54,1
DA:56,0
DA:67,1
DA:72,0
DA:74,0
LF:17
LH:7
end_of_record
SF:lib\data\models\puzzle.dart
DA:10,3
DA:14,1
DA:15,2
DA:17,2
DA:20,0
DA:22,2
DA:23,6
DA:24,2
DA:27,1
DA:28,1
DA:29,2
LF:11
LH:10
end_of_record
SF:lib\util\logger.dart
DA:13,0
DA:22,0
DA:31,0
DA:33,0
DA:44,0
DA:54,0
DA:55,0
DA:56,0
DA:57,0
DA:58,0
DA:61,0
DA:64,0
DA:66,0
DA:69,0
DA:70,0
DA:71,0
DA:73,0
DA:74,0
DA:78,0
DA:79,0
DA:82,0
DA:83,0
DA:86,0
DA:87,0
DA:95,0
DA:96,0
DA:98,0
DA:100,0
DA:101,0
DA:103,0
DA:106,0
DA:109,0
DA:110,0
DA:111,0
DA:115,0
DA:119,0
DA:122,0
DA:126,0
DA:127,0
DA:128,0
DA:129,0
DA:130,0
DA:133,0
DA:134,0
DA:135,0
DA:138,0
DA:139,0
DA:140,0
DA:141,0
DA:142,0
DA:143,0
DA:144,0
DA:147,0
DA:148,0
DA:149,0
DA:150,0
DA:152,0
DA:156,0
DA:157,0
DA:158,0
DA:160,0
DA:164,0
DA:165,0
DA:166,0
DA:167,0
DA:169,0
DA:172,0
DA:176,0
DA:183,0
DA:187,0
DA:188,0
DA:191,0
DA:192,0
DA:196,0
DA:197,0
DA:205,12
DA:206,4
LF:77
LH:2
end_of_record
SF:lib\util\top_level_functions.dart
DA:29,0
DA:31,0
DA:32,0
DA:36,0
DA:40,0
DA:42,0
DA:43,0
DA:45,0
DA:46,0
DA:50,0
DA:51,0
DA:54,0
DA:55,0
DA:58,0
DA:59,0
DA:62,0
DA:63,0
DA:66,0
DA:69,0
DA:72,0
DA:73,0
DA:74,0
DA:77,0
DA:81,0
DA:85,0
DA:90,0
DA:93,0
DA:94,0
DA:97,2
DA:102,2
DA:104,14
DA:105,2
DA:106,2
DA:107,6
DA:108,4
DA:109,12
DA:110,0
DA:113,2
DA:117,2
DA:118,2
DA:119,4
DA:120,6
DA:121,4
DA:122,8
DA:123,6
DA:125,2
DA:126,1
DA:127,4
DA:130,2
DA:131,8
DA:137,12
DA:140,2
DA:141,10
LF:53
LH:24
end_of_record
SF:lib\blocs\solver\solver_bloc.dart
DA:12,1
DA:15,2
DA:18,0
DA:19,0
DA:20,0
LF:5
LH:2
end_of_record
SF:lib\blocs\solver\solver_event.dart
DA:8,0
DA:14,0
DA:16,0
DA:18,0
LF:4
LH:0
end_of_record
SF:lib\blocs\solver\solver_state.dart
DA:15,1
DA:21,0
DA:24,0
DA:25,0
DA:26,0
DA:27,0
DA:31,3
DA:33,0
DA:36,0
DA:37,0
DA:38,0
DA:42,0
DA:45,1
DA:47,4
DA:66,1
DA:67,2
DA:68,5
DA:69,4
DA:74,4
DA:75,1
DA:76,1
DA:77,2
DA:78,2
DA:79,1
DA:80,1
DA:81,3
DA:82,2
DA:83,1
DA:85,1
DA:88,1
DA:89,1
DA:91,1
DA:92,1
DA:93,2
DA:94,1
DA:100,2
DA:101,2
DA:102,1
DA:103,3
DA:104,1
DA:106,0
DA:108,0
DA:110,0
DA:111,0
DA:112,0
DA:113,0
DA:114,0
DA:117,1
DA:128,0
DA:130,1
DA:132,1
DA:133,2
LF:52
LH:34
end_of_record
SF:lib\util\grid_enum.dart
DA:4,11
LF:1
LH:1
end_of_record
SF:lib\config\injection_container.dart
DA:19,0
DA:21,0
DA:22,0
DA:27,0
DA:28,0
DA:32,0
DA:33,0
DA:34,0
DA:38,0
DA:40,0
DA:42,0
DA:46,0
DA:47,0
DA:52,0
DA:55,0
DA:56,0
DA:61,0
DA:64,0
DA:65,0
DA:73,0
DA:74,0
DA:82,0
DA:83,0
DA:91,0
DA:92,0
DA:100,0
DA:101,0
DA:104,0
DA:105,0
DA:106,0
DA:107,0
DA:108,0
DA:109,0
DA:110,0
DA:112,0
DA:117,0
DA:118,0
DA:119,0
DA:120,0
DA:125,0
DA:126,0
DA:128,0
DA:129,0
DA:136,0
DA:137,0
LF:45
LH:0
end_of_record
SF:lib\blocs\levels\levels_bloc.dart
DA:14,0
DA:18,0
DA:21,0
DA:22,0
DA:23,0
DA:24,0
DA:25,0
LF:7
LH:0
end_of_record
SF:lib\blocs\levels\levels_event.dart
DA:4,0
DA:11,0
LF:2
LH:0
end_of_record
SF:lib\blocs\levels\levels_state.dart
DA:20,0
DA:23,0
DA:25,0
DA:27,0
DA:29,0
DA:31,0
DA:33,0
DA:37,0
DA:39,0
DA:43,0
DA:44,0
DA:45,0
DA:49,0
DA:51,0
LF:14
LH:0
end_of_record
SF:lib\data\useCases\get_levels_use_case.dart
DA:7,0
DA:12,0
DA:13,0
LF:3
LH:0
end_of_record
SF:lib\data\models\level.dart
DA:7,1
DA:15,2
DA:16,2
DA:17,9
DA:20,2
DA:21,2
DA:22,5
DA:25,1
DA:27,3
DA:34,4
LF:10
LH:10
end_of_record
SF:lib\data\models\levels.dart
DA:13,1
DA:15,0
DA:20,2
DA:21,5
DA:24,2
DA:25,5
DA:28,1
DA:30,2
LF:8
LH:7
end_of_record
SF:lib\data\models\visibility_shapes.dart
DA:8,0
DA:10,0
DA:11,0
DA:12,0
DA:15,0
LF:5
LH:0
end_of_record
SF:lib\data\repositories\level_repository.dart
DA:16,0
DA:17,0
DA:18,0
DA:21,0
DA:23,0
DA:24,0
DA:28,0
LF:7
LH:0
end_of_record
